Connecting to database specified by database.yml


Started GET "/" for 127.0.0.1 at 2019-01-28 20:04:10 -0500
Processing by PagesGeneraleController#home as HTML
  Rendered pages_generale/home.html.haml within layouts/application (58.4ms)
  Rendered layouts/_header.haml (6.3ms)
  Rendered layouts/_footer.haml (33.2ms)
Completed 200 OK in 2385.6ms (Views: 2384.9ms | ActiveRecord: 0.0ms)


Started GET "/users/sign_in" for 127.0.0.1 at 2019-01-28 20:30:06 -0500
Processing by Users::SessionsController#new as HTML
  Rendered devise/shared/_links.html.erb (1.9ms)
  Rendered devise/sessions/new.html.erb within layouts/application (152.5ms)
  Rendered layouts/_header.haml (2.3ms)
  Rendered layouts/_footer.haml (0.4ms)
Completed 200 OK in 300.9ms (Views: 237.6ms | ActiveRecord: 4.3ms)


Started GET "/" for 127.0.0.1 at 2019-01-28 20:30:17 -0500
Processing by PagesGeneraleController#home as HTML
  Rendered pages_generale/home.html.haml within layouts/application (4.9ms)
  Rendered layouts/_header.haml (0.8ms)
  Rendered layouts/_footer.haml (0.4ms)
Completed 200 OK in 60.3ms (Views: 59.9ms | ActiveRecord: 0.0ms)


Started GET "/users/sign_in" for 127.0.0.1 at 2019-01-28 20:31:02 -0500
Processing by Users::SessionsController#new as HTML
  Rendered devise/shared/_links.html.erb (0.8ms)
  Rendered devise/sessions/new.html.erb within layouts/application (8.4ms)
  Rendered layouts/_header.haml (1.7ms)
  Rendered layouts/_footer.haml (0.5ms)
Completed 200 OK in 77.2ms (Views: 76.3ms | ActiveRecord: 0.0ms)


Started POST "/users/sign_in" for 127.0.0.1 at 2019-01-28 20:31:08 -0500
Processing by Users::SessionsController#create as HTML
  Parameters: {"utf8"=>"✓", "authenticity_token"=>"c8FkFPzfRYC8byG58ku4CPWla0+YGI4vFsKBymn1zqg=", "user"=>{"email"=>"frank@mail.com", "password"=>"[FILTERED]", "remember_me"=>"0"}, "commit"=>"Log in"}
  [1m[36mUser Load (0.3ms)[0m  [1mSELECT "users".* FROM "users" WHERE "users"."email" = 'frank@mail.com' LIMIT 1[0m
  [1m[35m (0.1ms)[0m  begin transaction
  [1m[36m (0.6ms)[0m  [1mUPDATE "users" SET "last_sign_in_at" = '2019-01-28 22:21:25.087098', "current_sign_in_at" = '2019-01-29 01:31:09.093065', "sign_in_count" = 9, "updated_at" = '2019-01-29 01:31:09.097449' WHERE "users"."id" = 2[0m
  [1m[35m (10.2ms)[0m  commit transaction
  [1m[36mRole Load (0.1ms)[0m  [1mSELECT "roles".* FROM "roles" INNER JOIN "assignments" ON "roles"."id" = "assignments"."role_id" WHERE "assignments"."user_id" = 2[0m
Redirected to http://localhost:3000/
Completed 302 Found in 320.5ms (ActiveRecord: 11.8ms)


Started GET "/" for 127.0.0.1 at 2019-01-28 20:31:09 -0500
Processing by PagesGeneraleController#home as HTML
  [1m[35mUser Load (0.2ms)[0m  SELECT "users".* FROM "users" WHERE "users"."id" = 2 LIMIT 1
  Rendered shared/_reservation_form.haml (0.8ms)
  Rendered pages_generale/home.html.haml within layouts/application (3.0ms)
  [1m[36mRole Load (0.2ms)[0m  [1mSELECT "roles".* FROM "roles" INNER JOIN "assignments" ON "roles"."id" = "assignments"."role_id" WHERE "assignments"."user_id" = 2[0m
  Rendered layouts/_header.haml (4.9ms)
  Rendered layouts/_footer.haml (0.7ms)
Completed 200 OK in 86.2ms (Views: 85.6ms | ActiveRecord: 0.3ms)


Started GET "/new_reservation" for 127.0.0.1 at 2019-01-28 20:31:14 -0500
Processing by Client::ReservationsController#new as HTML
  [1m[35mUser Load (0.2ms)[0m  SELECT "users".* FROM "users" WHERE "users"."id" = 2 LIMIT 1
  [1m[36mRole Load (0.1ms)[0m  [1mSELECT "roles".* FROM "roles" INNER JOIN "assignments" ON "roles"."id" = "assignments"."role_id" WHERE "assignments"."user_id" = 2[0m
  [1m[35mRoomType Load (0.1ms)[0m  SELECT "room_types".* FROM "room_types" 
  [1m[36mViewType Load (0.1ms)[0m  [1mSELECT "view_types".* FROM "view_types" [0m
  Rendered client/reservations/new.html.haml within layouts/application (33.2ms)
  Rendered layouts/_header.haml (1.0ms)
  Rendered layouts/_footer.haml (0.4ms)
Completed 200 OK in 147.3ms (Views: 115.7ms | ActiveRecord: 1.8ms)


Started GET "/new_reservation" for 127.0.0.1 at 2019-01-28 20:41:38 -0500
Processing by Client::ReservationsController#new as HTML
  [1m[35mUser Load (0.2ms)[0m  SELECT "users".* FROM "users" WHERE "users"."id" = 2 LIMIT 1
  [1m[36mRole Load (0.1ms)[0m  [1mSELECT "roles".* FROM "roles" INNER JOIN "assignments" ON "roles"."id" = "assignments"."role_id" WHERE "assignments"."user_id" = 2[0m
  [1m[35mRoomType Load (0.2ms)[0m  SELECT "room_types".* FROM "room_types" 
  [1m[36mViewType Load (0.1ms)[0m  [1mSELECT "view_types".* FROM "view_types" [0m
  Rendered client/reservations/new.html.haml within layouts/application (6.5ms)
  Rendered layouts/_header.haml (1.7ms)
  Rendered layouts/_footer.haml (0.6ms)
Completed 200 OK in 76.0ms (Views: 62.9ms | ActiveRecord: 0.6ms)


Started GET "/new_reservation" for 127.0.0.1 at 2019-01-28 20:52:56 -0500
Processing by Client::ReservationsController#new as HTML
  [1m[35mUser Load (0.2ms)[0m  SELECT "users".* FROM "users" WHERE "users"."id" = 2 LIMIT 1
  [1m[36mRole Load (0.1ms)[0m  [1mSELECT "roles".* FROM "roles" INNER JOIN "assignments" ON "roles"."id" = "assignments"."role_id" WHERE "assignments"."user_id" = 2[0m
  [1m[35mRoomType Load (0.1ms)[0m  SELECT "room_types".* FROM "room_types" 
  [1m[36mViewType Load (0.1ms)[0m  [1mSELECT "view_types".* FROM "view_types" [0m
  Rendered client/reservations/new.html.haml within layouts/application (21.8ms)
  Rendered layouts/_header.haml (1.2ms)
  Rendered layouts/_footer.haml (0.5ms)
Completed 200 OK in 4430.8ms (Views: 4408.3ms | ActiveRecord: 0.6ms)


Started GET "/new_reservation" for 127.0.0.1 at 2019-01-28 20:53:22 -0500
Processing by Client::ReservationsController#new as HTML
  [1m[35mUser Load (0.2ms)[0m  SELECT "users".* FROM "users" WHERE "users"."id" = 2 LIMIT 1
  [1m[36mRole Load (0.3ms)[0m  [1mSELECT "roles".* FROM "roles" INNER JOIN "assignments" ON "roles"."id" = "assignments"."role_id" WHERE "assignments"."user_id" = 2[0m
  [1m[35mRoomType Load (0.5ms)[0m  SELECT "room_types".* FROM "room_types" 
  [1m[36mViewType Load (0.1ms)[0m  [1mSELECT "view_types".* FROM "view_types" [0m
  Rendered client/reservations/new.html.haml within layouts/application (45.2ms)
  Rendered layouts/_header.haml (1.5ms)
  Rendered layouts/_footer.haml (0.5ms)
Completed 200 OK in 124.9ms (Views: 110.0ms | ActiveRecord: 1.1ms)


Started GET "/new_reservation" for 127.0.0.1 at 2019-01-28 20:53:34 -0500
Processing by Client::ReservationsController#new as HTML
  [1m[35mUser Load (0.2ms)[0m  SELECT "users".* FROM "users" WHERE "users"."id" = 2 LIMIT 1
  [1m[36mRole Load (0.2ms)[0m  [1mSELECT "roles".* FROM "roles" INNER JOIN "assignments" ON "roles"."id" = "assignments"."role_id" WHERE "assignments"."user_id" = 2[0m
  [1m[35mRoomType Load (0.2ms)[0m  SELECT "room_types".* FROM "room_types" 
  [1m[36mViewType Load (0.1ms)[0m  [1mSELECT "view_types".* FROM "view_types" [0m
  Rendered client/reservations/new.html.haml within layouts/application (14.7ms)
  Rendered layouts/_header.haml (2.7ms)
  Rendered layouts/_footer.haml (0.4ms)
Completed 200 OK in 121.8ms (Views: 110.6ms | ActiveRecord: 0.7ms)


Started GET "/new_reservation" for 127.0.0.1 at 2019-01-28 21:02:18 -0500
Processing by Client::ReservationsController#new as HTML
  [1m[35mUser Load (0.2ms)[0m  SELECT "users".* FROM "users" WHERE "users"."id" = 2 LIMIT 1
  [1m[36mRole Load (0.1ms)[0m  [1mSELECT "roles".* FROM "roles" INNER JOIN "assignments" ON "roles"."id" = "assignments"."role_id" WHERE "assignments"."user_id" = 2[0m
  [1m[35mRoomType Load (0.1ms)[0m  SELECT "room_types".* FROM "room_types" 
  [1m[36mViewType Load (0.2ms)[0m  [1mSELECT "view_types".* FROM "view_types" [0m
  Rendered client/reservations/new.html.haml within layouts/application (6.4ms)
  Rendered layouts/_header.haml (1.0ms)
  Rendered layouts/_footer.haml (2.2ms)
Completed 200 OK in 109.9ms (Views: 101.5ms | ActiveRecord: 0.6ms)


Started GET "/new_reservation" for 127.0.0.1 at 2019-01-28 21:04:42 -0500
Processing by Client::ReservationsController#new as HTML
  [1m[35mUser Load (0.2ms)[0m  SELECT "users".* FROM "users" WHERE "users"."id" = 2 LIMIT 1
  [1m[36mRole Load (0.1ms)[0m  [1mSELECT "roles".* FROM "roles" INNER JOIN "assignments" ON "roles"."id" = "assignments"."role_id" WHERE "assignments"."user_id" = 2[0m
  [1m[35mRoomType Load (0.1ms)[0m  SELECT "room_types".* FROM "room_types" 
  [1m[36mViewType Load (0.2ms)[0m  [1mSELECT "view_types".* FROM "view_types" [0m
  Rendered client/reservations/new.html.haml within layouts/application (13.5ms)
  Rendered layouts/_header.haml (1.0ms)
  Rendered layouts/_footer.haml (0.5ms)
Completed 200 OK in 123.0ms (Views: 109.3ms | ActiveRecord: 0.6ms)


Started GET "/new_reservation" for 127.0.0.1 at 2019-01-28 21:09:26 -0500
Processing by Client::ReservationsController#new as HTML
  [1m[35mUser Load (0.4ms)[0m  SELECT "users".* FROM "users" WHERE "users"."id" = 2 LIMIT 1
  [1m[36mRole Load (0.1ms)[0m  [1mSELECT "roles".* FROM "roles" INNER JOIN "assignments" ON "roles"."id" = "assignments"."role_id" WHERE "assignments"."user_id" = 2[0m
  [1m[35mRoomType Load (0.2ms)[0m  SELECT "room_types".* FROM "room_types" 
  [1m[36mViewType Load (0.1ms)[0m  [1mSELECT "view_types".* FROM "view_types" [0m
  Rendered client/reservations/new.html.haml within layouts/application (13.4ms)
  Rendered layouts/_header.haml (1.0ms)
  Rendered layouts/_footer.haml (0.4ms)
Completed 200 OK in 125.0ms (Views: 107.0ms | ActiveRecord: 0.8ms)


Started GET "/new_reservation" for 127.0.0.1 at 2019-01-28 21:09:51 -0500
Processing by Client::ReservationsController#new as HTML
  [1m[35mUser Load (0.2ms)[0m  SELECT "users".* FROM "users" WHERE "users"."id" = 2 LIMIT 1
  [1m[36mRole Load (0.2ms)[0m  [1mSELECT "roles".* FROM "roles" INNER JOIN "assignments" ON "roles"."id" = "assignments"."role_id" WHERE "assignments"."user_id" = 2[0m
  [1m[35mRoomType Load (0.3ms)[0m  SELECT "room_types".* FROM "room_types" 
  [1m[36mViewType Load (0.1ms)[0m  [1mSELECT "view_types".* FROM "view_types" [0m
  Rendered client/reservations/new.html.haml within layouts/application (11.3ms)
  Rendered layouts/_header.haml (1.1ms)
  Rendered layouts/_footer.haml (0.4ms)
Completed 200 OK in 113.6ms (Views: 99.2ms | ActiveRecord: 0.8ms)


Started GET "/new_reservation" for 127.0.0.1 at 2019-01-28 21:10:33 -0500
Processing by Client::ReservationsController#new as HTML
  [1m[35mUser Load (0.2ms)[0m  SELECT "users".* FROM "users" WHERE "users"."id" = 2 LIMIT 1
  [1m[36mRole Load (0.2ms)[0m  [1mSELECT "roles".* FROM "roles" INNER JOIN "assignments" ON "roles"."id" = "assignments"."role_id" WHERE "assignments"."user_id" = 2[0m
  [1m[35mRoomType Load (0.1ms)[0m  SELECT "room_types".* FROM "room_types" 
  [1m[36mViewType Load (0.1ms)[0m  [1mSELECT "view_types".* FROM "view_types" [0m
  Rendered client/reservations/new.html.haml within layouts/application (12.3ms)
  Rendered layouts/_header.haml (1.1ms)
  Rendered layouts/_footer.haml (0.4ms)
Completed 200 OK in 118.6ms (Views: 107.0ms | ActiveRecord: 0.6ms)


Started GET "/new_reservation" for 127.0.0.1 at 2019-01-28 21:10:46 -0500
Processing by Client::ReservationsController#new as HTML
  [1m[35mUser Load (4.9ms)[0m  SELECT "users".* FROM "users" WHERE "users"."id" = 2 LIMIT 1
  [1m[36mRole Load (0.1ms)[0m  [1mSELECT "roles".* FROM "roles" INNER JOIN "assignments" ON "roles"."id" = "assignments"."role_id" WHERE "assignments"."user_id" = 2[0m
  [1m[35mRoomType Load (0.2ms)[0m  SELECT "room_types".* FROM "room_types" 
  [1m[36mViewType Load (0.1ms)[0m  [1mSELECT "view_types".* FROM "view_types" [0m
  Rendered client/reservations/new.html.haml within layouts/application (13.9ms)
  Rendered layouts/_header.haml (1.3ms)
  Rendered layouts/_footer.haml (0.4ms)
Completed 200 OK in 124.8ms (Views: 106.9ms | ActiveRecord: 5.3ms)


Started GET "/new_reservation" for 127.0.0.1 at 2019-01-28 21:14:10 -0500
Processing by Client::ReservationsController#new as HTML
  [1m[35mUser Load (0.2ms)[0m  SELECT "users".* FROM "users" WHERE "users"."id" = 2 LIMIT 1
  [1m[36mRole Load (0.1ms)[0m  [1mSELECT "roles".* FROM "roles" INNER JOIN "assignments" ON "roles"."id" = "assignments"."role_id" WHERE "assignments"."user_id" = 2[0m
  [1m[35mRoomType Load (0.1ms)[0m  SELECT "room_types".* FROM "room_types" 
  [1m[36mViewType Load (0.1ms)[0m  [1mSELECT "view_types".* FROM "view_types" [0m
  Rendered client/reservations/new.html.haml within layouts/application (14.4ms)
  Rendered layouts/_header.haml (1.3ms)
  Rendered layouts/_footer.haml (0.4ms)
Completed 200 OK in 121.7ms (Views: 104.3ms | ActiveRecord: 0.6ms)


Started GET "/new_reservation" for 127.0.0.1 at 2019-01-28 21:16:30 -0500
Processing by Client::ReservationsController#new as HTML
  [1m[35mUser Load (0.2ms)[0m  SELECT "users".* FROM "users" WHERE "users"."id" = 2 LIMIT 1
  [1m[36mRole Load (0.1ms)[0m  [1mSELECT "roles".* FROM "roles" INNER JOIN "assignments" ON "roles"."id" = "assignments"."role_id" WHERE "assignments"."user_id" = 2[0m
  [1m[35mRoomType Load (0.1ms)[0m  SELECT "room_types".* FROM "room_types" 
  [1m[36mViewType Load (0.1ms)[0m  [1mSELECT "view_types".* FROM "view_types" [0m
  Rendered client/reservations/new.html.haml within layouts/application (12.9ms)
  Rendered layouts/_header.haml (1.0ms)
  Rendered layouts/_footer.haml (0.4ms)
Completed 200 OK in 4381.5ms (Views: 4369.1ms | ActiveRecord: 0.6ms)


Started GET "/new_reservation" for 127.0.0.1 at 2019-01-28 21:24:27 -0500
Processing by Client::ReservationsController#new as HTML
  [1m[35mUser Load (0.2ms)[0m  SELECT "users".* FROM "users" WHERE "users"."id" = 2 LIMIT 1
  [1m[36mRole Load (0.2ms)[0m  [1mSELECT "roles".* FROM "roles" INNER JOIN "assignments" ON "roles"."id" = "assignments"."role_id" WHERE "assignments"."user_id" = 2[0m
  [1m[35mRoomType Load (0.1ms)[0m  SELECT "room_types".* FROM "room_types" 
  [1m[36mViewType Load (0.6ms)[0m  [1mSELECT "view_types".* FROM "view_types" [0m
  Rendered client/reservations/new.html.haml within layouts/application (8.4ms)
  Rendered layouts/_header.haml (1.0ms)
  Rendered layouts/_footer.haml (0.4ms)
Completed 200 OK in 71.6ms (Views: 61.0ms | ActiveRecord: 1.2ms)


Started GET "/new_reservation" for 127.0.0.1 at 2019-01-28 23:29:02 -0500
Processing by Client::ReservationsController#new as HTML
  [1m[35mUser Load (0.2ms)[0m  SELECT "users".* FROM "users" WHERE "users"."id" = 2 LIMIT 1
  [1m[36mRole Load (0.2ms)[0m  [1mSELECT "roles".* FROM "roles" INNER JOIN "assignments" ON "roles"."id" = "assignments"."role_id" WHERE "assignments"."user_id" = 2[0m
  [1m[35mRoomType Load (0.1ms)[0m  SELECT "room_types".* FROM "room_types" 
  [1m[36mViewType Load (0.1ms)[0m  [1mSELECT "view_types".* FROM "view_types" [0m
  Rendered client/reservations/new.html.haml within layouts/application (4.8ms)
  Rendered layouts/_header.haml (1.6ms)
  Rendered layouts/_footer.haml (0.5ms)
Completed 200 OK in 72.4ms (Views: 57.6ms | ActiveRecord: 0.7ms)


Started POST "/client/reservations" for 127.0.0.1 at 2019-01-28 23:30:08 -0500
Processing by Client::ReservationsController#create as HTML
  Parameters: {"utf8"=>"✓", "authenticity_token"=>"TD8c7harrVaW2YQOwuDtdzOAtjwM2cHyC56LMy95vdw=", "rooms"=>{"0"=>{"check_in"=>"2019-01-01", "check_out"=>"2019-01-31", "room_type"=>"1", "view_type"=>"1"}, "1"=>{"check_in"=>"2019-01-01", "check_out"=>"2019-01-31", "room_type"=>"1", "view_type"=>"1"}}, "commit"=>"Create"}
  [1m[35mUser Load (0.2ms)[0m  SELECT "users".* FROM "users" WHERE "users"."id" = 2 LIMIT 1
  [1m[36mRole Load (0.1ms)[0m  [1mSELECT "roles".* FROM "roles" INNER JOIN "assignments" ON "roles"."id" = "assignments"."role_id" WHERE "assignments"."user_id" = 2[0m
  [1m[35mRoom Load (0.4ms)[0m  SELECT "rooms".* FROM "rooms" WHERE "rooms"."view_type_id" = 1 AND "rooms"."room_type_id" = 1
  [1m[36m (0.1ms)[0m  [1mSELECT COUNT(*) FROM "room_reservations" WHERE "room_reservations"."room_id" = 1[0m
  [1m[35mRoomReservation Load (0.2ms)[0m  SELECT "room_reservations".* FROM "room_reservations" WHERE "room_reservations"."room_id" = 1
  [1m[36m (0.1ms)[0m  [1mSELECT COUNT(*) FROM "room_reservations" WHERE "room_reservations"."room_id" = 5[0m
  [1m[35mRoomReservation Load (0.2ms)[0m  SELECT "room_reservations".* FROM "room_reservations" WHERE "room_reservations"."room_id" = 5
  [1m[36m (0.1ms)[0m  [1mSELECT COUNT(*) FROM "room_reservations" WHERE "room_reservations"."room_id" = 9[0m
  [1m[35mRoomReservation Load (0.9ms)[0m  SELECT "room_reservations".* FROM "room_reservations" WHERE "room_reservations"."room_id" = 9
  [1m[36m (0.1ms)[0m  [1mSELECT COUNT(*) FROM "room_reservations" WHERE "room_reservations"."room_id" = 13[0m
  [1m[35mRoomReservation Load (0.1ms)[0m  SELECT "room_reservations".* FROM "room_reservations" WHERE "room_reservations"."room_id" = 13
  [1m[36m (0.1ms)[0m  [1mSELECT COUNT(*) FROM "room_reservations" WHERE "room_reservations"."room_id" = 17[0m
  [1m[35mRoomReservation Load (0.3ms)[0m  SELECT "room_reservations".* FROM "room_reservations" WHERE "room_reservations"."room_id" = 17
  [1m[36m (0.1ms)[0m  [1mSELECT COUNT(*) FROM "room_reservations" WHERE "room_reservations"."room_id" = 21[0m
  [1m[35mRoomReservation Load (0.1ms)[0m  SELECT "room_reservations".* FROM "room_reservations" WHERE "room_reservations"."room_id" = 21
  [1m[36m (0.1ms)[0m  [1mSELECT COUNT(*) FROM "room_reservations" WHERE "room_reservations"."room_id" = 25[0m
  [1m[35mRoomReservation Load (0.1ms)[0m  SELECT "room_reservations".* FROM "room_reservations" WHERE "room_reservations"."room_id" = 25
  [1m[36m (5.8ms)[0m  [1mSELECT COUNT(*) FROM "room_reservations" WHERE "room_reservations"."room_id" = 29[0m
  [1m[35mRoomReservation Load (0.2ms)[0m  SELECT "room_reservations".* FROM "room_reservations" WHERE "room_reservations"."room_id" = 29
  [1m[36m (0.1ms)[0m  [1mSELECT COUNT(*) FROM "room_reservations" WHERE "room_reservations"."room_id" = 33[0m
  [1m[35m (0.1ms)[0m  SELECT COUNT(*) FROM "room_reservations" WHERE "room_reservations"."room_id" = 37
  [1m[36m (0.1ms)[0m  [1mSELECT COUNT(*) FROM "room_reservations" WHERE "room_reservations"."room_id" = 41[0m
  [1m[35m (0.1ms)[0m  SELECT COUNT(*) FROM "room_reservations" WHERE "room_reservations"."room_id" = 45
  [1m[36m (0.2ms)[0m  [1mSELECT COUNT(*) FROM "room_reservations" WHERE "room_reservations"."room_id" = 49[0m
  [1m[35m (0.1ms)[0m  SELECT COUNT(*) FROM "room_reservations" WHERE "room_reservations"."room_id" = 53
  [1m[36m (0.1ms)[0m  [1mSELECT COUNT(*) FROM "room_reservations" WHERE "room_reservations"."room_id" = 57[0m
  [1m[35m (0.1ms)[0m  SELECT COUNT(*) FROM "room_reservations" WHERE "room_reservations"."room_id" = 61
  [1m[36m (0.1ms)[0m  [1mSELECT COUNT(*) FROM "room_reservations" WHERE "room_reservations"."room_id" = 65[0m
  [1m[35m (0.1ms)[0m  SELECT COUNT(*) FROM "room_reservations" WHERE "room_reservations"."room_id" = 69
  [1m[36m (1.8ms)[0m  [1mSELECT COUNT(*) FROM "room_reservations" WHERE "room_reservations"."room_id" = 73[0m
  [1m[35m (0.1ms)[0m  SELECT COUNT(*) FROM "room_reservations" WHERE "room_reservations"."room_id" = 77
  [1m[36m (0.1ms)[0m  [1mSELECT COUNT(*) FROM "room_reservations" WHERE "room_reservations"."room_id" = 81[0m
  [1m[35m (0.1ms)[0m  SELECT COUNT(*) FROM "room_reservations" WHERE "room_reservations"."room_id" = 85
  [1m[36m (0.1ms)[0m  [1mSELECT COUNT(*) FROM "room_reservations" WHERE "room_reservations"."room_id" = 89[0m
  [1m[35m (0.1ms)[0m  SELECT COUNT(*) FROM "room_reservations" WHERE "room_reservations"."room_id" = 93
  [1m[36m (0.1ms)[0m  [1mSELECT COUNT(*) FROM "room_reservations" WHERE "room_reservations"."room_id" = 97[0m
  [1m[35m (0.1ms)[0m  SELECT COUNT(*) FROM "room_reservations" WHERE "room_reservations"."room_id" = 101
  [1m[36m (0.1ms)[0m  [1mSELECT COUNT(*) FROM "room_reservations" WHERE "room_reservations"."room_id" = 105[0m
  [1m[35m (0.1ms)[0m  SELECT COUNT(*) FROM "room_reservations" WHERE "room_reservations"."room_id" = 109
  [1m[36m (0.1ms)[0m  [1mSELECT COUNT(*) FROM "room_reservations" WHERE "room_reservations"."room_id" = 113[0m
  [1m[35m (0.1ms)[0m  SELECT COUNT(*) FROM "room_reservations" WHERE "room_reservations"."room_id" = 117
  [1m[36m (0.1ms)[0m  [1mSELECT COUNT(*) FROM "room_reservations" WHERE "room_reservations"."room_id" = 121[0m
  [1m[35m (0.1ms)[0m  SELECT COUNT(*) FROM "room_reservations" WHERE "room_reservations"."room_id" = 125
  [1m[36m (0.2ms)[0m  [1mSELECT COUNT(*) FROM "room_reservations" WHERE "room_reservations"."room_id" = 129[0m
  [1m[35m (0.1ms)[0m  SELECT COUNT(*) FROM "room_reservations" WHERE "room_reservations"."room_id" = 133
  [1m[36m (0.1ms)[0m  [1mSELECT COUNT(*) FROM "room_reservations" WHERE "room_reservations"."room_id" = 137[0m
  [1m[35m (0.1ms)[0m  SELECT COUNT(*) FROM "room_reservations" WHERE "room_reservations"."room_id" = 141
  [1m[36m (0.1ms)[0m  [1mSELECT COUNT(*) FROM "room_reservations" WHERE "room_reservations"."room_id" = 145[0m
  [1m[35m (0.1ms)[0m  SELECT COUNT(*) FROM "room_reservations" WHERE "room_reservations"."room_id" = 149
  [1m[36m (0.1ms)[0m  [1mSELECT COUNT(*) FROM "room_reservations" WHERE "room_reservations"."room_id" = 153[0m
  [1m[35m (1.2ms)[0m  SELECT COUNT(*) FROM "room_reservations" WHERE "room_reservations"."room_id" = 157
  [1m[36m (0.1ms)[0m  [1mSELECT COUNT(*) FROM "room_reservations" WHERE "room_reservations"."room_id" = 161[0m
  [1m[35m (0.1ms)[0m  SELECT COUNT(*) FROM "room_reservations" WHERE "room_reservations"."room_id" = 165
  [1m[36m (0.1ms)[0m  [1mSELECT COUNT(*) FROM "room_reservations" WHERE "room_reservations"."room_id" = 169[0m
  [1m[35m (0.2ms)[0m  SELECT COUNT(*) FROM "room_reservations" WHERE "room_reservations"."room_id" = 173
  [1m[36m (0.1ms)[0m  [1mSELECT COUNT(*) FROM "room_reservations" WHERE "room_reservations"."room_id" = 177[0m
  [1m[35m (0.1ms)[0m  SELECT COUNT(*) FROM "room_reservations" WHERE "room_reservations"."room_id" = 181
  [1m[36m (0.1ms)[0m  [1mSELECT COUNT(*) FROM "room_reservations" WHERE "room_reservations"."room_id" = 185[0m
  [1m[35m (0.1ms)[0m  SELECT COUNT(*) FROM "room_reservations" WHERE "room_reservations"."room_id" = 189
  [1m[36m (0.1ms)[0m  [1mSELECT COUNT(*) FROM "room_reservations" WHERE "room_reservations"."room_id" = 193[0m
  [1m[35m (0.1ms)[0m  SELECT COUNT(*) FROM "room_reservations" WHERE "room_reservations"."room_id" = 197
  [1m[36mCACHE (0.0ms)[0m  [1mSELECT "rooms".* FROM "rooms" WHERE "rooms"."view_type_id" = 1 AND "rooms"."room_type_id" = 1[0m
  [1m[35mCACHE (0.0ms)[0m  SELECT COUNT(*) FROM "room_reservations" WHERE "room_reservations"."room_id" = 1
  [1m[36mCACHE (0.0ms)[0m  [1mSELECT "room_reservations".* FROM "room_reservations" WHERE "room_reservations"."room_id" = 1[0m
  [1m[35mCACHE (0.0ms)[0m  SELECT COUNT(*) FROM "room_reservations" WHERE "room_reservations"."room_id" = 5
  [1m[36mCACHE (0.0ms)[0m  [1mSELECT "room_reservations".* FROM "room_reservations" WHERE "room_reservations"."room_id" = 5[0m
  [1m[35mCACHE (0.0ms)[0m  SELECT COUNT(*) FROM "room_reservations" WHERE "room_reservations"."room_id" = 9
  [1m[36mCACHE (0.0ms)[0m  [1mSELECT "room_reservations".* FROM "room_reservations" WHERE "room_reservations"."room_id" = 9[0m
  [1m[35mCACHE (0.0ms)[0m  SELECT COUNT(*) FROM "room_reservations" WHERE "room_reservations"."room_id" = 13
  [1m[36mCACHE (0.0ms)[0m  [1mSELECT "room_reservations".* FROM "room_reservations" WHERE "room_reservations"."room_id" = 13[0m
  [1m[35mCACHE (0.0ms)[0m  SELECT COUNT(*) FROM "room_reservations" WHERE "room_reservations"."room_id" = 17
  [1m[36mCACHE (0.0ms)[0m  [1mSELECT "room_reservations".* FROM "room_reservations" WHERE "room_reservations"."room_id" = 17[0m
  [1m[35mCACHE (0.0ms)[0m  SELECT COUNT(*) FROM "room_reservations" WHERE "room_reservations"."room_id" = 21
  [1m[36mCACHE (0.0ms)[0m  [1mSELECT "room_reservations".* FROM "room_reservations" WHERE "room_reservations"."room_id" = 21[0m
  [1m[35mCACHE (0.0ms)[0m  SELECT COUNT(*) FROM "room_reservations" WHERE "room_reservations"."room_id" = 25
  [1m[36mCACHE (0.0ms)[0m  [1mSELECT "room_reservations".* FROM "room_reservations" WHERE "room_reservations"."room_id" = 25[0m
  [1m[35mCACHE (0.0ms)[0m  SELECT COUNT(*) FROM "room_reservations" WHERE "room_reservations"."room_id" = 29
  [1m[36mCACHE (0.0ms)[0m  [1mSELECT "room_reservations".* FROM "room_reservations" WHERE "room_reservations"."room_id" = 29[0m
  [1m[35mCACHE (0.0ms)[0m  SELECT COUNT(*) FROM "room_reservations" WHERE "room_reservations"."room_id" = 33
  [1m[36mCACHE (0.0ms)[0m  [1mSELECT COUNT(*) FROM "room_reservations" WHERE "room_reservations"."room_id" = 37[0m
  [1m[35mCACHE (0.0ms)[0m  SELECT COUNT(*) FROM "room_reservations" WHERE "room_reservations"."room_id" = 41
  [1m[36mCACHE (0.0ms)[0m  [1mSELECT COUNT(*) FROM "room_reservations" WHERE "room_reservations"."room_id" = 45[0m
  [1m[35mCACHE (0.0ms)[0m  SELECT COUNT(*) FROM "room_reservations" WHERE "room_reservations"."room_id" = 49
  [1m[36mCACHE (0.0ms)[0m  [1mSELECT COUNT(*) FROM "room_reservations" WHERE "room_reservations"."room_id" = 53[0m
  [1m[35mCACHE (0.0ms)[0m  SELECT COUNT(*) FROM "room_reservations" WHERE "room_reservations"."room_id" = 57
  [1m[36mCACHE (0.0ms)[0m  [1mSELECT COUNT(*) FROM "room_reservations" WHERE "room_reservations"."room_id" = 61[0m
  [1m[35mCACHE (0.0ms)[0m  SELECT COUNT(*) FROM "room_reservations" WHERE "room_reservations"."room_id" = 65
  [1m[36mCACHE (0.0ms)[0m  [1mSELECT COUNT(*) FROM "room_reservations" WHERE "room_reservations"."room_id" = 69[0m
  [1m[35mCACHE (0.0ms)[0m  SELECT COUNT(*) FROM "room_reservations" WHERE "room_reservations"."room_id" = 73
  [1m[36mCACHE (0.0ms)[0m  [1mSELECT COUNT(*) FROM "room_reservations" WHERE "room_reservations"."room_id" = 77[0m
  [1m[35mCACHE (0.0ms)[0m  SELECT COUNT(*) FROM "room_reservations" WHERE "room_reservations"."room_id" = 81
  [1m[36mCACHE (0.0ms)[0m  [1mSELECT COUNT(*) FROM "room_reservations" WHERE "room_reservations"."room_id" = 85[0m
  [1m[35mCACHE (0.0ms)[0m  SELECT COUNT(*) FROM "room_reservations" WHERE "room_reservations"."room_id" = 89
  [1m[36mCACHE (0.0ms)[0m  [1mSELECT COUNT(*) FROM "room_reservations" WHERE "room_reservations"."room_id" = 93[0m
  [1m[35mCACHE (0.0ms)[0m  SELECT COUNT(*) FROM "room_reservations" WHERE "room_reservations"."room_id" = 97
  [1m[36mCACHE (0.0ms)[0m  [1mSELECT COUNT(*) FROM "room_reservations" WHERE "room_reservations"."room_id" = 101[0m
  [1m[35mCACHE (0.0ms)[0m  SELECT COUNT(*) FROM "room_reservations" WHERE "room_reservations"."room_id" = 105
  [1m[36mCACHE (0.0ms)[0m  [1mSELECT COUNT(*) FROM "room_reservations" WHERE "room_reservations"."room_id" = 109[0m
  [1m[35mCACHE (0.0ms)[0m  SELECT COUNT(*) FROM "room_reservations" WHERE "room_reservations"."room_id" = 113
  [1m[36mCACHE (0.0ms)[0m  [1mSELECT COUNT(*) FROM "room_reservations" WHERE "room_reservations"."room_id" = 117[0m
  [1m[35mCACHE (0.0ms)[0m  SELECT COUNT(*) FROM "room_reservations" WHERE "room_reservations"."room_id" = 121
  [1m[36mCACHE (0.0ms)[0m  [1mSELECT COUNT(*) FROM "room_reservations" WHERE "room_reservations"."room_id" = 125[0m
  [1m[35mCACHE (0.0ms)[0m  SELECT COUNT(*) FROM "room_reservations" WHERE "room_reservations"."room_id" = 129
  [1m[36mCACHE (0.0ms)[0m  [1mSELECT COUNT(*) FROM "room_reservations" WHERE "room_reservations"."room_id" = 133[0m
  [1m[35mCACHE (0.0ms)[0m  SELECT COUNT(*) FROM "room_reservations" WHERE "room_reservations"."room_id" = 137
  [1m[36mCACHE (0.0ms)[0m  [1mSELECT COUNT(*) FROM "room_reservations" WHERE "room_reservations"."room_id" = 141[0m
  [1m[35mCACHE (0.0ms)[0m  SELECT COUNT(*) FROM "room_reservations" WHERE "room_reservations"."room_id" = 145
  [1m[36mCACHE (0.0ms)[0m  [1mSELECT COUNT(*) FROM "room_reservations" WHERE "room_reservations"."room_id" = 149[0m
  [1m[35mCACHE (0.0ms)[0m  SELECT COUNT(*) FROM "room_reservations" WHERE "room_reservations"."room_id" = 153
  [1m[36mCACHE (0.0ms)[0m  [1mSELECT COUNT(*) FROM "room_reservations" WHERE "room_reservations"."room_id" = 157[0m
  [1m[35mCACHE (0.0ms)[0m  SELECT COUNT(*) FROM "room_reservations" WHERE "room_reservations"."room_id" = 161
  [1m[36mCACHE (0.0ms)[0m  [1mSELECT COUNT(*) FROM "room_reservations" WHERE "room_reservations"."room_id" = 165[0m
  [1m[35mCACHE (0.0ms)[0m  SELECT COUNT(*) FROM "room_reservations" WHERE "room_reservations"."room_id" = 169
  [1m[36mCACHE (0.0ms)[0m  [1mSELECT COUNT(*) FROM "room_reservations" WHERE "room_reservations"."room_id" = 173[0m
  [1m[35mCACHE (0.0ms)[0m  SELECT COUNT(*) FROM "room_reservations" WHERE "room_reservations"."room_id" = 177
  [1m[36mCACHE (0.0ms)[0m  [1mSELECT COUNT(*) FROM "room_reservations" WHERE "room_reservations"."room_id" = 181[0m
  [1m[35mCACHE (0.0ms)[0m  SELECT COUNT(*) FROM "room_reservations" WHERE "room_reservations"."room_id" = 185
  [1m[36mCACHE (0.0ms)[0m  [1mSELECT COUNT(*) FROM "room_reservations" WHERE "room_reservations"."room_id" = 189[0m
  [1m[35mCACHE (0.0ms)[0m  SELECT COUNT(*) FROM "room_reservations" WHERE "room_reservations"."room_id" = 193
  [1m[36mCACHE (0.0ms)[0m  [1mSELECT COUNT(*) FROM "room_reservations" WHERE "room_reservations"."room_id" = 197[0m
  [1m[35m (0.1ms)[0m  begin transaction
  [1m[36mSQL (0.8ms)[0m  [1mINSERT INTO "reservations" ("client_demands", "created_at", "nb_rooms", "updated_at", "user_id") VALUES (?, ?, ?, ?, ?)[0m  [["client_demands", nil], ["created_at", Tue, 29 Jan 2019 04:30:08 UTC +00:00], ["nb_rooms", 2], ["updated_at", Tue, 29 Jan 2019 04:30:08 UTC +00:00], ["user_id", 2]]
  [1m[35mSQL (1.7ms)[0m  INSERT INTO "room_reservations" ("created_at", "end_date", "reservation_id", "room_id", "start_date", "updated_at") VALUES (?, ?, ?, ?, ?, ?)  [["created_at", Tue, 29 Jan 2019 04:30:08 UTC +00:00], ["end_date", Thu, 31 Jan 2019 00:00:00 UTC +00:00], ["reservation_id", 16], ["room_id", 33], ["start_date", Tue, 01 Jan 2019 00:00:00 UTC +00:00], ["updated_at", Tue, 29 Jan 2019 04:30:08 UTC +00:00]]
  [1m[36mSQL (0.2ms)[0m  [1mINSERT INTO "room_reservations" ("created_at", "end_date", "reservation_id", "room_id", "start_date", "updated_at") VALUES (?, ?, ?, ?, ?, ?)[0m  [["created_at", Tue, 29 Jan 2019 04:30:08 UTC +00:00], ["end_date", Thu, 31 Jan 2019 00:00:00 UTC +00:00], ["reservation_id", 16], ["room_id", 33], ["start_date", Tue, 01 Jan 2019 00:00:00 UTC +00:00], ["updated_at", Tue, 29 Jan 2019 04:30:08 UTC +00:00]]
  [1m[35m (19.4ms)[0m  commit transaction
Redirected to http://localhost:3000/my_reservation?id=16
Completed 302 Found in 267.3ms (ActiveRecord: 38.7ms)


Started GET "/my_reservation?id=16" for 127.0.0.1 at 2019-01-28 23:30:08 -0500
Processing by Client::Reservations::RoomReservationsController#index as HTML
  Parameters: {"id"=>"16"}
  [1m[36mUser Load (0.2ms)[0m  [1mSELECT "users".* FROM "users" WHERE "users"."id" = 2 LIMIT 1[0m
  [1m[35mRole Load (0.1ms)[0m  SELECT "roles".* FROM "roles" INNER JOIN "assignments" ON "roles"."id" = "assignments"."role_id" WHERE "assignments"."user_id" = 2
  [1m[36mReservation Load (0.1ms)[0m  [1mSELECT "reservations".* FROM "reservations" WHERE "reservations"."id" = ? LIMIT 1[0m  [["id", "16"]]
  [1m[35mRoomReservation Load (0.2ms)[0m  SELECT "room_reservations".* FROM "room_reservations" WHERE "room_reservations"."reservation_id" = 16
  [1m[36mRoom Load (0.1ms)[0m  [1mSELECT "rooms".* FROM "rooms" WHERE "rooms"."id" = 33 LIMIT 1[0m
  [1m[35mRoomType Load (0.1ms)[0m  SELECT "room_types".* FROM "room_types" WHERE "room_types"."id" = 1 LIMIT 1
  [1m[36mViewType Load (0.1ms)[0m  [1mSELECT "view_types".* FROM "view_types" WHERE "view_types"."id" = 1 LIMIT 1[0m
  [1m[35mCACHE (0.0ms)[0m  SELECT "rooms".* FROM "rooms" WHERE "rooms"."id" = 33 LIMIT 1
  [1m[36mCACHE (0.0ms)[0m  [1mSELECT "room_types".* FROM "room_types" WHERE "room_types"."id" = 1 LIMIT 1[0m
  [1m[35mCACHE (0.0ms)[0m  SELECT "view_types".* FROM "view_types" WHERE "view_types"."id" = 1 LIMIT 1
  Rendered client/reservations/room_reservations/index.html.haml within layouts/application (26.1ms)
  Rendered layouts/_header.haml (1.0ms)
  Rendered layouts/_footer.haml (0.8ms)
Completed 200 OK in 124.9ms (Views: 118.5ms | ActiveRecord: 0.9ms)


Started GET "/client/reservations/16/room_reservations/38/edit" for 127.0.0.1 at 2019-01-28 23:31:10 -0500
Processing by Client::Reservations::RoomReservationsController#edit as JS
  Parameters: {"reservation_id"=>"16", "id"=>"38"}
  [1m[36mUser Load (0.2ms)[0m  [1mSELECT "users".* FROM "users" WHERE "users"."id" = 2 LIMIT 1[0m
  [1m[35mRole Load (0.1ms)[0m  SELECT "roles".* FROM "roles" INNER JOIN "assignments" ON "roles"."id" = "assignments"."role_id" WHERE "assignments"."user_id" = 2
  Rendered client/reservations/room_reservations/_test.html.haml (11.2ms)
  Rendered client/reservations/room_reservations/_edit.js.erb (13.2ms)
Completed 200 OK in 23.1ms (Views: 14.6ms | ActiveRecord: 0.3ms)


Started GET "/new_reservation" for 127.0.0.1 at 2019-01-29 00:02:45 -0500
Processing by Client::ReservationsController#new as HTML
  [1m[36mUser Load (0.2ms)[0m  [1mSELECT "users".* FROM "users" WHERE "users"."id" = 2 LIMIT 1[0m
  [1m[35mRole Load (0.1ms)[0m  SELECT "roles".* FROM "roles" INNER JOIN "assignments" ON "roles"."id" = "assignments"."role_id" WHERE "assignments"."user_id" = 2
  [1m[36mRoomType Load (0.1ms)[0m  [1mSELECT "room_types".* FROM "room_types" [0m
  [1m[35mViewType Load (0.1ms)[0m  SELECT "view_types".* FROM "view_types" 
  Rendered client/reservations/new.html.haml within layouts/application (7.6ms)
  Rendered layouts/_header.haml (1.9ms)
  Rendered layouts/_footer.haml (0.6ms)
Completed 200 OK in 103.0ms (Views: 92.1ms | ActiveRecord: 0.6ms)


Started GET "/new_reservation" for 127.0.0.1 at 2019-01-29 00:03:15 -0500
Processing by Client::ReservationsController#new as HTML
  [1m[36mUser Load (0.2ms)[0m  [1mSELECT "users".* FROM "users" WHERE "users"."id" = 2 LIMIT 1[0m
  [1m[35mRole Load (0.2ms)[0m  SELECT "roles".* FROM "roles" INNER JOIN "assignments" ON "roles"."id" = "assignments"."role_id" WHERE "assignments"."user_id" = 2
  [1m[36mRoomType Load (0.4ms)[0m  [1mSELECT "room_types".* FROM "room_types" [0m
  [1m[35mViewType Load (0.1ms)[0m  SELECT "view_types".* FROM "view_types" 
  Rendered client/reservations/new.html.haml within layouts/application (5.1ms)
  Rendered layouts/_header.haml (1.1ms)
  Rendered layouts/_footer.haml (1.1ms)
Completed 200 OK in 95.9ms (Views: 85.8ms | ActiveRecord: 0.9ms)


Started GET "/new_reservation" for 127.0.0.1 at 2019-01-29 00:03:21 -0500
Processing by Client::ReservationsController#new as HTML
  [1m[36mUser Load (0.2ms)[0m  [1mSELECT "users".* FROM "users" WHERE "users"."id" = 2 LIMIT 1[0m
  [1m[35mRole Load (0.2ms)[0m  SELECT "roles".* FROM "roles" INNER JOIN "assignments" ON "roles"."id" = "assignments"."role_id" WHERE "assignments"."user_id" = 2
  [1m[36mRoomType Load (0.1ms)[0m  [1mSELECT "room_types".* FROM "room_types" [0m
  [1m[35mViewType Load (0.1ms)[0m  SELECT "view_types".* FROM "view_types" 
  Rendered client/reservations/new.html.haml within layouts/application (5.6ms)
  Rendered layouts/_header.haml (1.0ms)
  Rendered layouts/_footer.haml (0.9ms)
Completed 200 OK in 68.5ms (Views: 55.5ms | ActiveRecord: 0.6ms)


Started GET "/new_reservation" for 127.0.0.1 at 2019-01-29 00:03:31 -0500
Processing by Client::ReservationsController#new as HTML
  [1m[36mUser Load (0.2ms)[0m  [1mSELECT "users".* FROM "users" WHERE "users"."id" = 2 LIMIT 1[0m
  [1m[35mRole Load (0.1ms)[0m  SELECT "roles".* FROM "roles" INNER JOIN "assignments" ON "roles"."id" = "assignments"."role_id" WHERE "assignments"."user_id" = 2
  [1m[36mRoomType Load (0.1ms)[0m  [1mSELECT "room_types".* FROM "room_types" [0m
  [1m[35mViewType Load (0.1ms)[0m  SELECT "view_types".* FROM "view_types" 
  Rendered client/reservations/new.html.haml within layouts/application (4.7ms)
  Rendered layouts/_header.haml (1.1ms)
  Rendered layouts/_footer.haml (0.5ms)
Completed 200 OK in 71.2ms (Views: 63.4ms | ActiveRecord: 0.6ms)


Started GET "/my_profile" for 127.0.0.1 at 2019-01-29 00:03:32 -0500
Processing by Client::ProfilesController#edit as HTML
  [1m[36mUser Load (0.2ms)[0m  [1mSELECT "users".* FROM "users" WHERE "users"."id" = 2 LIMIT 1[0m
  [1m[35mRole Load (0.1ms)[0m  SELECT "roles".* FROM "roles" INNER JOIN "assignments" ON "roles"."id" = "assignments"."role_id" WHERE "assignments"."user_id" = 2
  [1m[36mReservation Load (0.2ms)[0m  [1mSELECT "reservations".* FROM "reservations" WHERE "reservations"."user_id" = 2[0m
  Rendered client/profiles/edit.html.haml within layouts/application (40.4ms)
  Rendered layouts/_header.haml (1.1ms)
  Rendered layouts/_footer.haml (1.9ms)
Completed 200 OK in 104.7ms (Views: 101.2ms | ActiveRecord: 0.6ms)


Started GET "/new_reservation" for 127.0.0.1 at 2019-01-29 00:03:34 -0500
Processing by Client::ReservationsController#new as HTML
  [1m[35mUser Load (0.2ms)[0m  SELECT "users".* FROM "users" WHERE "users"."id" = 2 LIMIT 1
  [1m[36mRole Load (0.3ms)[0m  [1mSELECT "roles".* FROM "roles" INNER JOIN "assignments" ON "roles"."id" = "assignments"."role_id" WHERE "assignments"."user_id" = 2[0m
  [1m[35mRoomType Load (0.3ms)[0m  SELECT "room_types".* FROM "room_types" 
  [1m[36mViewType Load (0.1ms)[0m  [1mSELECT "view_types".* FROM "view_types" [0m
  Rendered client/reservations/new.html.haml within layouts/application (12.2ms)
  Rendered layouts/_header.haml (1.8ms)
  Rendered layouts/_footer.haml (0.4ms)
Completed 200 OK in 91.3ms (Views: 83.7ms | ActiveRecord: 0.9ms)


Started GET "/" for 127.0.0.1 at 2019-01-29 00:03:35 -0500
Processing by PagesGeneraleController#home as HTML
  [1m[35mUser Load (6.2ms)[0m  SELECT "users".* FROM "users" WHERE "users"."id" = 2 LIMIT 1
  Rendered shared/_reservation_form.haml (0.1ms)
  Rendered pages_generale/home.html.haml within layouts/application (11.5ms)
  [1m[36mRole Load (0.1ms)[0m  [1mSELECT "roles".* FROM "roles" INNER JOIN "assignments" ON "roles"."id" = "assignments"."role_id" WHERE "assignments"."user_id" = 2[0m
  Rendered layouts/_header.haml (2.4ms)
  Rendered layouts/_footer.haml (0.8ms)
Completed 200 OK in 66.1ms (Views: 59.4ms | ActiveRecord: 6.3ms)


Started GET "/new_reservation" for 127.0.0.1 at 2019-01-29 00:03:36 -0500
Processing by Client::ReservationsController#new as HTML
  [1m[35mUser Load (0.2ms)[0m  SELECT "users".* FROM "users" WHERE "users"."id" = 2 LIMIT 1
  [1m[36mRole Load (0.1ms)[0m  [1mSELECT "roles".* FROM "roles" INNER JOIN "assignments" ON "roles"."id" = "assignments"."role_id" WHERE "assignments"."user_id" = 2[0m
  [1m[35mRoomType Load (0.4ms)[0m  SELECT "room_types".* FROM "room_types" 
  [1m[36mViewType Load (0.1ms)[0m  [1mSELECT "view_types".* FROM "view_types" [0m
  Rendered client/reservations/new.html.haml within layouts/application (9.7ms)
  Rendered layouts/_header.haml (1.0ms)
  Rendered layouts/_footer.haml (5.2ms)
Completed 200 OK in 145.2ms (Views: 136.6ms | ActiveRecord: 0.9ms)


Started GET "/new_reservation" for 127.0.0.1 at 2019-01-29 00:04:03 -0500
Processing by Client::ReservationsController#new as HTML
  [1m[35mUser Load (0.2ms)[0m  SELECT "users".* FROM "users" WHERE "users"."id" = 2 LIMIT 1
  [1m[36mRole Load (0.3ms)[0m  [1mSELECT "roles".* FROM "roles" INNER JOIN "assignments" ON "roles"."id" = "assignments"."role_id" WHERE "assignments"."user_id" = 2[0m
  [1m[35mRoomType Load (0.2ms)[0m  SELECT "room_types".* FROM "room_types" 
  [1m[36mViewType Load (0.1ms)[0m  [1mSELECT "view_types".* FROM "view_types" [0m
  Rendered client/reservations/new.html.haml within layouts/application (7.9ms)
  Rendered layouts/_header.haml (1.0ms)
  Rendered layouts/_footer.haml (0.5ms)
Completed 200 OK in 113.4ms (Views: 104.9ms | ActiveRecord: 0.8ms)
Connecting to database specified by database.yml


Started GET "/new_reservation" for 127.0.0.1 at 2019-01-29 00:04:28 -0500
Processing by Client::ReservationsController#new as HTML
  [1m[36mUser Load (0.2ms)[0m  [1mSELECT "users".* FROM "users" WHERE "users"."id" = 2 LIMIT 1[0m
  [1m[35mRole Load (0.1ms)[0m  SELECT "roles".* FROM "roles" INNER JOIN "assignments" ON "roles"."id" = "assignments"."role_id" WHERE "assignments"."user_id" = 2
  [1m[36mRoomType Load (0.1ms)[0m  [1mSELECT "room_types".* FROM "room_types" [0m
  [1m[35mViewType Load (0.1ms)[0m  SELECT "view_types".* FROM "view_types" 
  Rendered client/reservations/new.html.haml within layouts/application (77.6ms)
  Rendered layouts/_header.haml (11.1ms)
  Rendered layouts/_footer.haml (7.8ms)
Completed 200 OK in 724.1ms (Views: 449.4ms | ActiveRecord: 6.3ms)


Started POST "/client/reservations" for 127.0.0.1 at 2019-01-29 00:04:37 -0500
Processing by Client::ReservationsController#create as HTML
  Parameters: {"utf8"=>"✓", "authenticity_token"=>"TD8c7harrVaW2YQOwuDtdzOAtjwM2cHyC56LMy95vdw=", "rooms"=>{"0"=>{"check_in"=>"2019-01-01", "check_out"=>"2019-01-31", "room_type"=>"1", "view_type"=>"1"}}, "commit"=>"Create"}
  [1m[36mUser Load (0.2ms)[0m  [1mSELECT "users".* FROM "users" WHERE "users"."id" = 2 LIMIT 1[0m
  [1m[35mRole Load (0.3ms)[0m  SELECT "roles".* FROM "roles" INNER JOIN "assignments" ON "roles"."id" = "assignments"."role_id" WHERE "assignments"."user_id" = 2
  [1m[36mRoom Load (0.4ms)[0m  [1mSELECT "rooms".* FROM "rooms" WHERE "rooms"."view_type_id" = 1 AND "rooms"."room_type_id" = 1[0m
  [1m[35m (0.1ms)[0m  SELECT COUNT(*) FROM "room_reservations" WHERE "room_reservations"."room_id" = 1
  [1m[36mRoomReservation Load (0.1ms)[0m  [1mSELECT "room_reservations".* FROM "room_reservations" WHERE "room_reservations"."room_id" = 1[0m
  [1m[35m (0.1ms)[0m  SELECT COUNT(*) FROM "room_reservations" WHERE "room_reservations"."room_id" = 5
  [1m[36mRoomReservation Load (0.1ms)[0m  [1mSELECT "room_reservations".* FROM "room_reservations" WHERE "room_reservations"."room_id" = 5[0m
  [1m[35m (0.1ms)[0m  SELECT COUNT(*) FROM "room_reservations" WHERE "room_reservations"."room_id" = 9
  [1m[36mRoomReservation Load (0.1ms)[0m  [1mSELECT "room_reservations".* FROM "room_reservations" WHERE "room_reservations"."room_id" = 9[0m
  [1m[35m (0.1ms)[0m  SELECT COUNT(*) FROM "room_reservations" WHERE "room_reservations"."room_id" = 13
  [1m[36mRoomReservation Load (0.1ms)[0m  [1mSELECT "room_reservations".* FROM "room_reservations" WHERE "room_reservations"."room_id" = 13[0m
  [1m[35m (0.1ms)[0m  SELECT COUNT(*) FROM "room_reservations" WHERE "room_reservations"."room_id" = 17
  [1m[36mRoomReservation Load (0.1ms)[0m  [1mSELECT "room_reservations".* FROM "room_reservations" WHERE "room_reservations"."room_id" = 17[0m
  [1m[35m (0.1ms)[0m  SELECT COUNT(*) FROM "room_reservations" WHERE "room_reservations"."room_id" = 21
  [1m[36mRoomReservation Load (0.3ms)[0m  [1mSELECT "room_reservations".* FROM "room_reservations" WHERE "room_reservations"."room_id" = 21[0m
  [1m[35m (0.1ms)[0m  SELECT COUNT(*) FROM "room_reservations" WHERE "room_reservations"."room_id" = 25
  [1m[36mRoomReservation Load (1.7ms)[0m  [1mSELECT "room_reservations".* FROM "room_reservations" WHERE "room_reservations"."room_id" = 25[0m
  [1m[35m (0.1ms)[0m  SELECT COUNT(*) FROM "room_reservations" WHERE "room_reservations"."room_id" = 29
  [1m[36mRoomReservation Load (0.2ms)[0m  [1mSELECT "room_reservations".* FROM "room_reservations" WHERE "room_reservations"."room_id" = 29[0m
  [1m[35m (0.1ms)[0m  SELECT COUNT(*) FROM "room_reservations" WHERE "room_reservations"."room_id" = 33
  [1m[36mRoomReservation Load (0.2ms)[0m  [1mSELECT "room_reservations".* FROM "room_reservations" WHERE "room_reservations"."room_id" = 33[0m
  [1m[35m (0.1ms)[0m  SELECT COUNT(*) FROM "room_reservations" WHERE "room_reservations"."room_id" = 37
  [1m[36m (0.1ms)[0m  [1mSELECT COUNT(*) FROM "room_reservations" WHERE "room_reservations"."room_id" = 41[0m
  [1m[35m (0.1ms)[0m  SELECT COUNT(*) FROM "room_reservations" WHERE "room_reservations"."room_id" = 45
  [1m[36m (0.1ms)[0m  [1mSELECT COUNT(*) FROM "room_reservations" WHERE "room_reservations"."room_id" = 49[0m
  [1m[35m (0.1ms)[0m  SELECT COUNT(*) FROM "room_reservations" WHERE "room_reservations"."room_id" = 53
  [1m[36m (0.1ms)[0m  [1mSELECT COUNT(*) FROM "room_reservations" WHERE "room_reservations"."room_id" = 57[0m
  [1m[35m (0.1ms)[0m  SELECT COUNT(*) FROM "room_reservations" WHERE "room_reservations"."room_id" = 61
  [1m[36m (0.1ms)[0m  [1mSELECT COUNT(*) FROM "room_reservations" WHERE "room_reservations"."room_id" = 65[0m
  [1m[35m (1.8ms)[0m  SELECT COUNT(*) FROM "room_reservations" WHERE "room_reservations"."room_id" = 69
  [1m[36m (0.1ms)[0m  [1mSELECT COUNT(*) FROM "room_reservations" WHERE "room_reservations"."room_id" = 73[0m
  [1m[35m (0.1ms)[0m  SELECT COUNT(*) FROM "room_reservations" WHERE "room_reservations"."room_id" = 77
  [1m[36m (0.1ms)[0m  [1mSELECT COUNT(*) FROM "room_reservations" WHERE "room_reservations"."room_id" = 81[0m
  [1m[35m (0.1ms)[0m  SELECT COUNT(*) FROM "room_reservations" WHERE "room_reservations"."room_id" = 85
  [1m[36m (0.1ms)[0m  [1mSELECT COUNT(*) FROM "room_reservations" WHERE "room_reservations"."room_id" = 89[0m
  [1m[35m (0.1ms)[0m  SELECT COUNT(*) FROM "room_reservations" WHERE "room_reservations"."room_id" = 93
  [1m[36m (0.1ms)[0m  [1mSELECT COUNT(*) FROM "room_reservations" WHERE "room_reservations"."room_id" = 97[0m
  [1m[35m (0.1ms)[0m  SELECT COUNT(*) FROM "room_reservations" WHERE "room_reservations"."room_id" = 101
  [1m[36m (0.1ms)[0m  [1mSELECT COUNT(*) FROM "room_reservations" WHERE "room_reservations"."room_id" = 105[0m
  [1m[35m (0.1ms)[0m  SELECT COUNT(*) FROM "room_reservations" WHERE "room_reservations"."room_id" = 109
  [1m[36m (0.1ms)[0m  [1mSELECT COUNT(*) FROM "room_reservations" WHERE "room_reservations"."room_id" = 113[0m
  [1m[35m (0.1ms)[0m  SELECT COUNT(*) FROM "room_reservations" WHERE "room_reservations"."room_id" = 117
  [1m[36m (0.1ms)[0m  [1mSELECT COUNT(*) FROM "room_reservations" WHERE "room_reservations"."room_id" = 121[0m
  [1m[35m (0.1ms)[0m  SELECT COUNT(*) FROM "room_reservations" WHERE "room_reservations"."room_id" = 125
  [1m[36m (0.1ms)[0m  [1mSELECT COUNT(*) FROM "room_reservations" WHERE "room_reservations"."room_id" = 129[0m
  [1m[35m (0.1ms)[0m  SELECT COUNT(*) FROM "room_reservations" WHERE "room_reservations"."room_id" = 133
  [1m[36m (0.1ms)[0m  [1mSELECT COUNT(*) FROM "room_reservations" WHERE "room_reservations"."room_id" = 137[0m
  [1m[35m (0.2ms)[0m  SELECT COUNT(*) FROM "room_reservations" WHERE "room_reservations"."room_id" = 141
  [1m[36m (0.2ms)[0m  [1mSELECT COUNT(*) FROM "room_reservations" WHERE "room_reservations"."room_id" = 145[0m
  [1m[35m (0.1ms)[0m  SELECT COUNT(*) FROM "room_reservations" WHERE "room_reservations"."room_id" = 149
  [1m[36m (0.1ms)[0m  [1mSELECT COUNT(*) FROM "room_reservations" WHERE "room_reservations"."room_id" = 153[0m
  [1m[35m (0.1ms)[0m  SELECT COUNT(*) FROM "room_reservations" WHERE "room_reservations"."room_id" = 157
  [1m[36m (0.1ms)[0m  [1mSELECT COUNT(*) FROM "room_reservations" WHERE "room_reservations"."room_id" = 161[0m
  [1m[35m (0.1ms)[0m  SELECT COUNT(*) FROM "room_reservations" WHERE "room_reservations"."room_id" = 165
  [1m[36m (0.1ms)[0m  [1mSELECT COUNT(*) FROM "room_reservations" WHERE "room_reservations"."room_id" = 169[0m
  [1m[35m (0.1ms)[0m  SELECT COUNT(*) FROM "room_reservations" WHERE "room_reservations"."room_id" = 173
  [1m[36m (0.1ms)[0m  [1mSELECT COUNT(*) FROM "room_reservations" WHERE "room_reservations"."room_id" = 177[0m
  [1m[35m (0.1ms)[0m  SELECT COUNT(*) FROM "room_reservations" WHERE "room_reservations"."room_id" = 181
  [1m[36m (0.1ms)[0m  [1mSELECT COUNT(*) FROM "room_reservations" WHERE "room_reservations"."room_id" = 185[0m
  [1m[35m (0.1ms)[0m  SELECT COUNT(*) FROM "room_reservations" WHERE "room_reservations"."room_id" = 189
  [1m[36m (0.1ms)[0m  [1mSELECT COUNT(*) FROM "room_reservations" WHERE "room_reservations"."room_id" = 193[0m
  [1m[35m (0.1ms)[0m  SELECT COUNT(*) FROM "room_reservations" WHERE "room_reservations"."room_id" = 197
  [1m[36m (0.0ms)[0m  [1mbegin transaction[0m
  [1m[35mSQL (10.9ms)[0m  INSERT INTO "reservations" ("client_demands", "created_at", "nb_rooms", "updated_at", "user_id") VALUES (?, ?, ?, ?, ?)  [["client_demands", nil], ["created_at", Tue, 29 Jan 2019 05:04:37 UTC +00:00], ["nb_rooms", 1], ["updated_at", Tue, 29 Jan 2019 05:04:37 UTC +00:00], ["user_id", 2]]
  [1m[36mSQL (0.4ms)[0m  [1mINSERT INTO "room_reservations" ("created_at", "end_date", "reservation_id", "room_id", "start_date", "updated_at") VALUES (?, ?, ?, ?, ?, ?)[0m  [["created_at", Tue, 29 Jan 2019 05:04:37 UTC +00:00], ["end_date", Thu, 31 Jan 2019 00:00:00 UTC +00:00], ["reservation_id", 17], ["room_id", 37], ["start_date", Tue, 01 Jan 2019 00:00:00 UTC +00:00], ["updated_at", Tue, 29 Jan 2019 05:04:37 UTC +00:00]]
  [1m[35m (20.9ms)[0m  commit transaction
Redirected to http://localhost:3000/my_reservation?id=17
Completed 302 Found in 152.4ms (ActiveRecord: 43.7ms)


Started GET "/my_reservation?id=17" for 127.0.0.1 at 2019-01-29 00:04:37 -0500
Processing by Client::Reservations::RoomReservationsController#index as HTML
  Parameters: {"id"=>"17"}
  [1m[36mUser Load (0.2ms)[0m  [1mSELECT "users".* FROM "users" WHERE "users"."id" = 2 LIMIT 1[0m
  [1m[35mRole Load (0.5ms)[0m  SELECT "roles".* FROM "roles" INNER JOIN "assignments" ON "roles"."id" = "assignments"."role_id" WHERE "assignments"."user_id" = 2
  [1m[36mReservation Load (0.1ms)[0m  [1mSELECT "reservations".* FROM "reservations" WHERE "reservations"."id" = ? LIMIT 1[0m  [["id", "17"]]
  [1m[35mRoomReservation Load (0.2ms)[0m  SELECT "room_reservations".* FROM "room_reservations" WHERE "room_reservations"."reservation_id" = 17
  [1m[36mRoom Load (0.2ms)[0m  [1mSELECT "rooms".* FROM "rooms" WHERE "rooms"."id" = 37 LIMIT 1[0m
  [1m[35mRoomType Load (0.1ms)[0m  SELECT "room_types".* FROM "room_types" WHERE "room_types"."id" = 1 LIMIT 1
  [1m[36mViewType Load (0.1ms)[0m  [1mSELECT "view_types".* FROM "view_types" WHERE "view_types"."id" = 1 LIMIT 1[0m
  Rendered client/reservations/room_reservations/index.html.haml within layouts/application (48.6ms)
  Rendered layouts/_header.haml (1.0ms)
  Rendered layouts/_footer.haml (0.5ms)
Completed 200 OK in 139.2ms (Views: 132.3ms | ActiveRecord: 1.3ms)


Started DELETE "/users/sign_out" for 127.0.0.1 at 2019-01-29 00:04:43 -0500
Processing by Users::SessionsController#destroy as HTML
  Parameters: {"authenticity_token"=>"TD8c7harrVaW2YQOwuDtdzOAtjwM2cHyC56LMy95vdw="}
  [1m[35mUser Load (0.4ms)[0m  SELECT "users".* FROM "users" WHERE "users"."id" = 2 LIMIT 1
  [1m[36m (0.1ms)[0m  [1mbegin transaction[0m
  [1m[35m (0.1ms)[0m  commit transaction
Redirected to http://localhost:3000/
Completed 302 Found in 237.9ms (ActiveRecord: 0.5ms)


Started GET "/" for 127.0.0.1 at 2019-01-29 00:04:43 -0500
Processing by PagesGeneraleController#home as HTML
  Rendered pages_generale/home.html.haml within layouts/application (3.7ms)
  Rendered layouts/_header.haml (1.0ms)
  Rendered layouts/_footer.haml (0.5ms)
Completed 200 OK in 90.1ms (Views: 89.3ms | ActiveRecord: 0.0ms)
